<?xml version="1.0" encoding="UTF-8"?>
<testng-results ignored="0" total="1" passed="1" failed="0" skipped="0">
  <reporter-output>
  </reporter-output>
  <suite started-at="2025-07-16T06:39:35 UTC" name="Default suite" finished-at="2025-07-16T06:39:37 UTC" duration-ms="1774">
    <groups>
      <group name="cucumber">
        <method signature="AbstractTestNGCucumberTests.runScenario(io.cucumber.testng.PickleWrapper,io.cucumber.testng.FeatureWrapper)[pri:0, instance:com.cgi.runner.RunnerTest@26794848]" name="runScenario" class="io.cucumber.testng.AbstractTestNGCucumberTests"/>
      </group> <!-- cucumber -->
    </groups>
    <test started-at="2025-07-16T06:39:35 UTC" name="Default test" finished-at="2025-07-16T06:39:37 UTC" duration-ms="1774">
      <class name="com.cgi.runner.RunnerTest">
        <test-method is-config="true" signature="setUpClass(org.testng.ITestContext)[pri:0, instance:com.cgi.runner.RunnerTest@26794848]" started-at="2025-07-16T06:39:35 UTC" name="setUpClass" finished-at="2025-07-16T06:39:37 UTC" duration-ms="1363" status="PASS">
          <params>
            <param index="0">
              <value>
                <![CDATA[org.testng.TestRunner@1df98368]]>
              </value>
            </param>
          </params>
          <reporter-output>
          </reporter-output>
        </test-method> <!-- setUpClass -->
        <test-method signature="runScenario(io.cucumber.testng.PickleWrapper,io.cucumber.testng.FeatureWrapper)[pri:0, instance:com.cgi.runner.RunnerTest@26794848]" started-at="2025-07-16T06:39:37 UTC" name="runScenario" description="Runs Cucumber Scenarios" data-provider="scenarios" finished-at="2025-07-16T06:39:37 UTC" duration-ms="250" status="PASS">
          <params>
            <param index="0">
              <value>
                <![CDATA["Add Valid Employee"]]>
              </value>
            </param>
            <param index="1">
              <value>
                <![CDATA["Employee"]]>
              </value>
            </param>
          </params>
          <reporter-output>
          </reporter-output>
        </test-method> <!-- runScenario -->
        <test-method is-config="true" signature="tearDownClass()[pri:0, instance:com.cgi.runner.RunnerTest@26794848]" started-at="2025-07-16T06:39:37 UTC" name="tearDownClass" finished-at="2025-07-16T06:39:37 UTC" duration-ms="57" status="PASS">
          <reporter-output>
          </reporter-output>
        </test-method> <!-- tearDownClass -->
      </class> <!-- com.cgi.runner.RunnerTest -->
    </test> <!-- Default test -->
  </suite> <!-- Default suite -->
</testng-results>
